<?xml version="1.0" encoding="UTF-8"?>
<!-- Generated by org.testng.reporters.JUnitXMLReporter -->
<testsuite ignored="1" hostname="K531LTRV" failures="2" tests="66" name="Test" time="1077.054" errors="0" timestamp="2024-06-25T23:14:17 IST">
  <testcase classname="com.ust.testcases.account.MyProfileTest" name="verifyMyProfile" time="30.368"/>
  <testcase classname="com.ust.testcases.account.MyProfileTest" name="verifyMyProfileLoggedIn" time="3.341"/>
  <testcase classname="com.ust.testcases.dropdown.MattressDropDownTest" name="verifyMattressDropdownClicking" time="19.867"/>
  <testcase classname="com.ust.testcases.dropdown.MattressDropDownTest" name="verifyLinksUnderShopByNeed" time="0.262"/>
  <testcase classname="com.ust.testcases.dropdown.MattressDropDownTest" name="verifyLinksUnderShopByUser" time="0.299"/>
  <testcase classname="com.ust.testcases.dropdown.MattressDropDownTest" name="verifyLinksUnderShopByTech" time="0.218"/>
  <testcase classname="com.ust.testcases.dropdown.MattressDropDownTest" name="verifyMattressDropdownShopByPrice" time="0.208"/>
  <testcase classname="com.ust.testcases.dropdown.MattressDropDownTest" name="verifyMattressDropdownShopBySize" time="0.252"/>
  <testcase classname="com.ust.testcases.dropdown.MyAccountDropDownTest" name="verifyMyAccountDropdownClicking" time="19.821"/>
  <testcase classname="com.ust.testcases.dropdown.MyAccountDropDownTest" name="verifyLinksUnderMyAccount" time="0.144"/>
  <testcase classname="com.ust.testcases.forms.InstitutionalEnquiryTest" name="verifyNavigatetoForm" time="23.66"/>
  <testcase classname="com.ust.testcases.forms.InstitutionalEnquiryTest" name="verifyBlankForm" time="0.682"/>
  <testcase classname="com.ust.testcases.forms.InstitutionalEnquiryTest" name="verifyInstitutionalFormSubmission" time="7.02"/>
  <testcase classname="com.ust.testcases.general.CartTest" name="navigateToReversibleMattressPage" time="22.425"/>
  <testcase classname="com.ust.testcases.general.CartTest" name="verifyProductAdding" time="17.351"/>
  <testcase classname="com.ust.testcases.general.CartTest" name="verifyNavigatetoCartPage" time="3.752"/>
  <testcase classname="com.ust.testcases.general.CartTest" name="verifyDeletingProductFromCart" time="20.759"/>
  <testcase classname="com.ust.testcases.general.CartTest" name="verifyAddingandRemovingQuantityofSelected" time="4.244"/>
  <testcase classname="com.ust.testcases.general.CartTest" name="verifyNavigatetoCheckoutPage" time="4.105"/>
  <testcase classname="com.ust.testcases.general.SearchTest" name="verifyBlankSearch" time="20.872"/>
  <testcase classname="com.ust.testcases.general.SearchTest" name="verifySearchResult" time="2.839"/>
  <testcase classname="com.ust.testcases.general.SearchTest" name="verifyPartialMatchSearchResult" time="3.671"/>
  <testcase classname="com.ust.testcases.general.SocialMediaLinkTest" name="verifyFacebookLink" time="22.425"/>
  <testcase classname="com.ust.testcases.general.SocialMediaLinkTest" name="verifyInstagramLink" time="4.322"/>
  <testcase classname="com.ust.testcases.general.SocialMediaLinkTest" name="verifyYoutubeLink" time="10.438"/>
  <testcase classname="com.ust.testcases.general.SocialMediaLinkTest" name="verifyTwitterLink" time="5.126"/>
  <testcase classname="com.ust.testcases.general.LocationTest" name="verifyEnteringPincodeandSearching" time="25.959"/>
  <testcase classname="com.ust.testcases.general.LocationTest" name="verifySelectingCityandSearching" time="6.638"/>
  <testcase classname="com.ust.testcases.mattresses.MattressCompareTest" name="navigateToMattressComparisonPage" time="21.637"/>
  <testcase classname="com.ust.testcases.mattresses.MattressCompareTest" name="verifySelectingMattresses1" time="3.534"/>
  <testcase classname="com.ust.testcases.mattresses.MattressCompareTest" name="verifySelectingMattresses2" time="4.737"/>
  <testcase classname="com.ust.testcases.mattresses.MattressFilterTest" name="verifyNeedBased" time="25.222"/>
  <testcase classname="com.ust.testcases.mattresses.MattressFilterTest" name="verifyUserBased" time="6.402"/>
  <testcase classname="com.ust.testcases.mattresses.MattressFilterTest" name="verifyTechBased" time="7.104"/>
  <testcase classname="com.ust.testcases.mattresses.MattressFilterTest" name="verifyPriceBased" time="7.046"/>
  <testcase classname="com.ust.testcases.mattresses.MattressFilterTest" name="verifySizeBased" time="10.057"/>
  <testcase classname="com.ust.testcases.navigation.PillowsTest" name="verifyNavigateToPillowsPage" time="22.941"/>
  <testcase classname="com.ust.testcases.navigation.PillowsTest" name="verifyFibrePillowsButton" time="1.679"/>
  <testcase classname="com.ust.testcases.navigation.PillowsTest" name="verifyRegularTechPillowsButton" time="1.087">
    <failure type="java.lang.AssertionError" message="expected [true] but found [false]">
      <![CDATA[java.lang.AssertionError: expected [true] but found [false]
at com.ust.testcases.navigation.PillowsTest.verifyRegularTechPillowsButton(PillowsTest.java:52)
at java.base/java.util.ArrayList.forEach(ArrayList.java:1511)
... Removed 31 stack frames]]>
    </failure>
  </testcase> <!-- verifyRegularTechPillowsButton -->
  <testcase classname="com.ust.testcases.navigation.PillowsTest" name="verifyContourTechPillowsButton" time="0.748">
    <failure type="java.lang.AssertionError" message="expected [true] but found [false]">
      <![CDATA[java.lang.AssertionError: expected [true] but found [false]
at com.ust.testcases.navigation.PillowsTest.verifyContourTechPillowsButton(PillowsTest.java:63)
at java.base/java.util.ArrayList.forEach(ArrayList.java:1511)
... Removed 31 stack frames]]>
    </failure>
  </testcase> <!-- verifyContourTechPillowsButton -->
  <testcase classname="com.ust.testcases.navigation.FaqTest" name="verifyNavigateToFAQ" time="22.53"/>
  <testcase classname="com.ust.testcases.navigation.FaqTest" name="verifyFaqWelcomeText" time="0.079"/>
  <testcase classname="com.ust.testcases.user.LoginTest" name="verifyNavigateToLoginPage" time="22.808"/>
  <testcase classname="com.ust.testcases.user.LoginTest" name="verifyPositiveLogin" time="8.485"/>
  <testcase classname="com.ust.testcases.user.LoginTest" name="verifyPositiveLogin" time="7.333"/>
  <testcase classname="com.ust.testcases.user.LoginTest" name="verifyPositiveLogin" time="6.975"/>
  <testcase classname="com.ust.testcases.user.LoginTest" name="verifyNegativeLogin" time="2.936"/>
  <testcase classname="com.ust.testcases.user.LoginTest" name="verifyNegativeLogin" time="2.616"/>
  <testcase classname="com.ust.testcases.user.LoginTest" name="verifyNegativeLogin" time="2.164"/>
  <testcase classname="com.ust.testcases.user.LoginTest" name="guestLogin" time="3.298"/>
  <testcase classname="com.ust.testcases.user.RegistrationTest" name="verifyNavigateToRegistrationPage" time="26.374"/>
  <testcase classname="com.ust.testcases.user.RegistrationTest" name="verifyBlankFormSubmission" time="0.058"/>
  <testcase classname="io.cucumber.testng.AbstractTestNGCucumberTests" name="runScenario" time="36.785"/>
  <testcase classname="io.cucumber.testng.AbstractTestNGCucumberTests" name="runScenario" time="38.381"/>
  <testcase classname="io.cucumber.testng.AbstractTestNGCucumberTests" name="runScenario" time="50.018"/>
  <testcase classname="io.cucumber.testng.AbstractTestNGCucumberTests" name="runScenario" time="41.691"/>
  <testcase classname="io.cucumber.testng.AbstractTestNGCucumberTests" name="runScenario" time="33.017"/>
  <testcase classname="io.cucumber.testng.AbstractTestNGCucumberTests" name="runScenario" time="38.753"/>
  <testcase classname="io.cucumber.testng.AbstractTestNGCucumberTests" name="runScenario" time="37.394"/>
  <testcase classname="io.cucumber.testng.AbstractTestNGCucumberTests" name="runScenario" time="34.945"/>
  <testcase classname="io.cucumber.testng.AbstractTestNGCucumberTests" name="runScenario" time="32.461"/>
  <testcase classname="io.cucumber.testng.AbstractTestNGCucumberTests" name="runScenario" time="28.877"/>
  <testcase classname="io.cucumber.testng.AbstractTestNGCucumberTests" name="runScenario" time="26.96"/>
  <testcase classname="io.cucumber.testng.AbstractTestNGCucumberTests" name="runScenario" time="30.633"/>
  <testcase classname="io.cucumber.testng.AbstractTestNGCucumberTests" name="runScenario" time="26.798"/>
  <testcase classname="io.cucumber.testng.AbstractTestNGCucumberTests" name="runScenario" time="39.246"/>
  <testcase classname="com.ust.testcases.user.RegistrationTest" name="verifyFormSubmission" time="0.0">
    <ignored/>
  </testcase> <!-- verifyFormSubmission -->
</testsuite> <!-- Test -->
